2026-06-17 13:22:28,028 - __main__ - INFO - Application starting up
2026-06-17 13:52:06,659 - __main__ - INFO - Match record created with ID: 1
2026-06-17 13:52:07,003 - __main__ - WARNING - Failed to send Teams notification: Request URL is missing an 'http://' or 'https://' protocol.
2026-06-17 14:43:16,171 - __main__ - INFO - Application starting up
2026-06-18 10:02:34,212 - __main__ - INFO - Application starting up
2026-06-18 10:26:00,747 - __main__ - INFO - Application starting up
2026-06-18 10:59:10,228 - __main__ - INFO - Application starting up
2026-06-18 13:02:22,685 - api.server - INFO - Processing rules question: What color should the ball be?
2026-06-18 13:02:23,033 - api.server - INFO - Successfully sent rule answer to Teams
2026-06-18 13:02:23,042 - httpx - INFO - HTTP Request: POST http://testserver/api/rules/ask "HTTP/1.1 200 OK"
2026-06-18 13:12:09,207 - __main__ - INFO - Application starting up
2026-06-18 15:50:11,551 - httpx - INFO - HTTP Request: GET http://127.0.0.1:11434/api/tags "HTTP/1.1 200 OK"
2026-06-18 15:50:11,726 - __main__ - INFO - Application starting up
2026-06-18 15:53:29,075 - __main__ - INFO - Received match report: {'player1': 'Giedrius Gustas', 'player2': 'Tomas Z', 'score': '3-1', 'winner': 'Tomas Z', 'tournament_id': 1}
2026-06-18 15:53:29,093 - __main__ - INFO - Match record created with ID: 2
2026-06-18 15:53:29,370 - __main__ - WARNING - Failed to send Teams notification: Request URL is missing an 'http://' or 'https://' protocol.
2026-06-19 09:02:27,985 - httpx - INFO - HTTP Request: GET http://127.0.0.1:11434/api/tags "HTTP/1.1 200 OK"
2026-06-19 09:02:28,212 - __main__ - INFO - Application starting up
2026-06-19 09:41:59,826 - services.ai_engine - ERROR - Match update failed for ID 999: Match with ID 999 not found.
2026-06-19 09:41:59,858 - services.ai_engine - INFO - Successfully updated match 1 via AI parsing.
2026-06-19 10:05:33,567 - httpx - INFO - HTTP Request: GET http://127.0.0.1:11434/api/tags "HTTP/1.1 200 OK"
2026-06-19 10:05:33,701 - __main__ - INFO - Application starting up
2026-06-19 10:37:50,285 - __main__ - INFO - Received match report: {'player1': 'API_Player1', 'player2': 'API_Player2', 'score': '3-0', 'winner': 'API_Player1'}
2026-06-19 10:37:50,335 - __main__ - INFO - Match record created with ID: 10
2026-06-19 10:37:50,601 - __main__ - WARNING - Failed to send Teams notification: Request URL is missing an 'http://' or 'https://' protocol.
2026-06-19 10:39:02,344 - __main__ - INFO - Received match report: {'player1': 'API_Player1', 'player2': 'API_Player2', 'score': '3-0', 'winner': 'API_Player1'}
2026-06-19 10:39:02,353 - __main__ - INFO - Match record created with ID: 11
2026-06-19 10:39:02,667 - __main__ - WARNING - Failed to send Teams notification: Request URL is missing an 'http://' or 'https://' protocol.
2026-06-19 11:23:30,865 - httpx - INFO - HTTP Request: GET http://127.0.0.1:11434/api/tags "HTTP/1.1 200 OK"
2026-06-19 11:23:31,157 - __main__ - INFO - Application starting up
